<?xml version="1.0" encoding="UTF-8"?>
<!-- Generated by org.testng.reporters.JUnitXMLReporter -->
<testsuite ignored="0" hostname="Ajay" failures="0" tests="3" name="OranageHRMTest" time="55.112" errors="0" timestamp="2024-04-03T14:35:29 IST">
  <testcase classname="Com.Testcases.HomePageTest" name="ExcelValidation" time="0.016"/>
  <testcase classname="Com.Testcases.LoginPageTest" name="LoginpageTestcase" time="2.87"/>
  <testcase classname="Com.Testcases.LoginPageTest" name="TitleValidation" time="0.019"/>
</testsuite> <!-- OranageHRMTest -->
